{"C:\\WHATEVER\\cedt-se-project-whatever\\Backend\\controllers\\feedbacks.js": {"path":"C:\\WHATEVER\\cedt-se-project-whatever\\Backend\\controllers\\feedbacks.js","statementMap":{"0":{"start":{"line":1,"column":16},"end":{"line":1,"column":44}},"1":{"start":{"line":2,"column":17},"end":{"line":2,"column":46}},"2":{"start":{"line":3,"column":17},"end":{"line":3,"column":36}},"3":{"start":{"line":8,"column":0},"end":{"line":48,"column":2}},"4":{"start":{"line":12,"column":2},"end":{"line":31,"column":3}},"5":{"start":{"line":14,"column":4},"end":{"line":24,"column":7}},"6":{"start":{"line":26,"column":4},"end":{"line":26,"column":61}},"7":{"start":{"line":28,"column":4},"end":{"line":30,"column":33}},"8":{"start":{"line":29,"column":6},"end":{"line":29,"column":60}},"9":{"start":{"line":30,"column":9},"end":{"line":30,"column":33}},"10":{"start":{"line":33,"column":2},"end":{"line":47,"column":3}},"11":{"start":{"line":34,"column":22},"end":{"line":34,"column":33}},"12":{"start":{"line":36,"column":4},"end":{"line":42,"column":7}},"13":{"start":{"line":44,"column":4},"end":{"line":46,"column":66}},"14":{"start":{"line":53,"column":0},"end":{"line":73,"column":2}},"15":{"start":{"line":54,"column":2},"end":{"line":72,"column":3}},"16":{"start":{"line":55,"column":21},"end":{"line":55,"column":67}},"17":{"start":{"line":57,"column":4},"end":{"line":62,"column":5}},"18":{"start":{"line":58,"column":6},"end":{"line":61,"column":9}},"19":{"start":{"line":64,"column":4},"end":{"line":67,"column":7}},"20":{"start":{"line":69,"column":4},"end":{"line":71,"column":65}},"21":{"start":{"line":78,"column":0},"end":{"line":104,"column":2}},"22":{"start":{"line":79,"column":2},"end":{"line":103,"column":3}},"23":{"start":{"line":80,"column":20},"end":{"line":80,"column":64}},"24":{"start":{"line":82,"column":4},"end":{"line":87,"column":5}},"25":{"start":{"line":83,"column":6},"end":{"line":86,"column":9}},"26":{"start":{"line":90,"column":4},"end":{"line":90,"column":44}},"27":{"start":{"line":91,"column":4},"end":{"line":91,"column":32}},"28":{"start":{"line":93,"column":21},"end":{"line":93,"column":52}},"29":{"start":{"line":95,"column":4},"end":{"line":98,"column":7}},"30":{"start":{"line":100,"column":4},"end":{"line":102,"column":64}},"31":{"start":{"line":109,"column":0},"end":{"line":143,"column":2}},"32":{"start":{"line":110,"column":2},"end":{"line":142,"column":3}},"33":{"start":{"line":111,"column":19},"end":{"line":111,"column":65}},"34":{"start":{"line":113,"column":4},"end":{"line":118,"column":5}},"35":{"start":{"line":114,"column":6},"end":{"line":117,"column":9}},"36":{"start":{"line":121,"column":4},"end":{"line":126,"column":5}},"37":{"start":{"line":122,"column":6},"end":{"line":125,"column":9}},"38":{"start":{"line":128,"column":4},"end":{"line":135,"column":6}},"39":{"start":{"line":137,"column":4},"end":{"line":137,"column":60}},"40":{"start":{"line":139,"column":4},"end":{"line":141,"column":75}},"41":{"start":{"line":148,"column":0},"end":{"line":179,"column":2}},"42":{"start":{"line":149,"column":2},"end":{"line":178,"column":3}},"43":{"start":{"line":150,"column":21},"end":{"line":150,"column":67}},"44":{"start":{"line":152,"column":4},"end":{"line":157,"column":5}},"45":{"start":{"line":153,"column":6},"end":{"line":156,"column":9}},"46":{"start":{"line":160,"column":4},"end":{"line":169,"column":5}},"47":{"start":{"line":165,"column":6},"end":{"line":168,"column":9}},"48":{"start":{"line":171,"column":4},"end":{"line":171,"column":31}},"49":{"start":{"line":173,"column":4},"end":{"line":173,"column":54}},"50":{"start":{"line":175,"column":4},"end":{"line":177,"column":67}}},"fnMap":{"0":{"name":"(anonymous_0)","decl":{"start":{"line":8,"column":23},"end":{"line":8,"column":24}},"loc":{"start":{"line":8,"column":49},"end":{"line":48,"column":1}},"line":8},"1":{"name":"(anonymous_1)","decl":{"start":{"line":53,"column":22},"end":{"line":53,"column":23}},"loc":{"start":{"line":53,"column":48},"end":{"line":73,"column":1}},"line":53},"2":{"name":"(anonymous_2)","decl":{"start":{"line":78,"column":22},"end":{"line":78,"column":23}},"loc":{"start":{"line":78,"column":48},"end":{"line":104,"column":1}},"line":78},"3":{"name":"(anonymous_3)","decl":{"start":{"line":109,"column":25},"end":{"line":109,"column":26}},"loc":{"start":{"line":109,"column":51},"end":{"line":143,"column":1}},"line":109},"4":{"name":"(anonymous_4)","decl":{"start":{"line":148,"column":25},"end":{"line":148,"column":26}},"loc":{"start":{"line":148,"column":51},"end":{"line":179,"column":1}},"line":148}},"branchMap":{"0":{"loc":{"start":{"line":12,"column":2},"end":{"line":31,"column":3}},"type":"if","locations":[{"start":{"line":12,"column":2},"end":{"line":31,"column":3}},{"start":{"line":27,"column":9},"end":{"line":31,"column":3}}],"line":12},"1":{"loc":{"start":{"line":28,"column":4},"end":{"line":30,"column":33}},"type":"if","locations":[{"start":{"line":28,"column":4},"end":{"line":30,"column":33}},{"start":{"line":30,"column":9},"end":{"line":30,"column":33}}],"line":28},"2":{"loc":{"start":{"line":40,"column":8},"end":{"line":40,"column":69}},"type":"cond-expr","locations":[{"start":{"line":40,"column":36},"end":{"line":40,"column":62}},{"start":{"line":40,"column":65},"end":{"line":40,"column":69}}],"line":40},"3":{"loc":{"start":{"line":40,"column":8},"end":{"line":40,"column":33}},"type":"binary-expr","locations":[{"start":{"line":40,"column":8},"end":{"line":40,"column":17}},{"start":{"line":40,"column":21},"end":{"line":40,"column":33}}],"line":40},"4":{"loc":{"start":{"line":57,"column":4},"end":{"line":62,"column":5}},"type":"if","locations":[{"start":{"line":57,"column":4},"end":{"line":62,"column":5}},{"start":{},"end":{}}],"line":57},"5":{"loc":{"start":{"line":82,"column":4},"end":{"line":87,"column":5}},"type":"if","locations":[{"start":{"line":82,"column":4},"end":{"line":87,"column":5}},{"start":{},"end":{}}],"line":82},"6":{"loc":{"start":{"line":113,"column":4},"end":{"line":118,"column":5}},"type":"if","locations":[{"start":{"line":113,"column":4},"end":{"line":118,"column":5}},{"start":{},"end":{}}],"line":113},"7":{"loc":{"start":{"line":121,"column":4},"end":{"line":126,"column":5}},"type":"if","locations":[{"start":{"line":121,"column":4},"end":{"line":126,"column":5}},{"start":{},"end":{}}],"line":121},"8":{"loc":{"start":{"line":121,"column":8},"end":{"line":121,"column":76}},"type":"binary-expr","locations":[{"start":{"line":121,"column":8},"end":{"line":121,"column":48}},{"start":{"line":121,"column":52},"end":{"line":121,"column":76}}],"line":121},"9":{"loc":{"start":{"line":152,"column":4},"end":{"line":157,"column":5}},"type":"if","locations":[{"start":{"line":152,"column":4},"end":{"line":157,"column":5}},{"start":{},"end":{}}],"line":152},"10":{"loc":{"start":{"line":160,"column":4},"end":{"line":169,"column":5}},"type":"if","locations":[{"start":{"line":160,"column":4},"end":{"line":169,"column":5}},{"start":{},"end":{}}],"line":160},"11":{"loc":{"start":{"line":161,"column":6},"end":{"line":163,"column":38}},"type":"binary-expr","locations":[{"start":{"line":161,"column":6},"end":{"line":161,"column":46}},{"start":{"line":162,"column":6},"end":{"line":162,"column":31}},{"start":{"line":163,"column":6},"end":{"line":163,"column":38}}],"line":161}},"s":{"0":1,"1":1,"2":1,"3":1,"4":4,"5":1,"6":1,"7":3,"8":0,"9":3,"10":4,"11":4,"12":3,"13":1,"14":1,"15":3,"16":3,"17":2,"18":1,"19":1,"20":1,"21":1,"22":3,"23":3,"24":3,"25":1,"26":2,"27":2,"28":2,"29":1,"30":1,"31":1,"32":4,"33":4,"34":4,"35":1,"36":3,"37":1,"38":1,"39":1,"40":1,"41":1,"42":4,"43":4,"44":4,"45":1,"46":3,"47":1,"48":2,"49":1,"50":1},"f":{"0":4,"1":3,"2":3,"3":4,"4":4},"b":{"0":[1,3],"1":[0,3],"2":[1,2],"3":[3,1],"4":[1,1],"5":[1,2],"6":[1,3],"7":[1,1],"8":[3,2],"9":[1,3],"10":[1,2],"11":[3,1,1]},"_coverageSchema":"1a1c01bbd47fc00a2c39e90264f33305004495a9","hash":"15b56b4063fe5414bb43dcb5c0c43b0106e183f4"}
}
