{"C:\\WHATEVER\\cedt-se-project-whatever\\Backend\\models\\Feedback.js": {"path":"C:\\WHATEVER\\cedt-se-project-whatever\\Backend\\models\\Feedback.js","statementMap":{"0":{"start":{"line":1,"column":17},"end":{"line":1,"column":36}},"1":{"start":{"line":3,"column":23},"end":{"line":34,"column":2}},"2":{"start":{"line":36,"column":0},"end":{"line":36,"column":37}},"3":{"start":{"line":38,"column":0},"end":{"line":43,"column":3}},"4":{"start":{"line":39,"column":2},"end":{"line":42,"column":5}},"5":{"start":{"line":45,"column":0},"end":{"line":45,"column":60}}},"fnMap":{"0":{"name":"(anonymous_0)","decl":{"start":{"line":38,"column":27},"end":{"line":38,"column":28}},"loc":{"start":{"line":38,"column":39},"end":{"line":43,"column":1}},"line":38}},"branchMap":{},"s":{"0":1,"1":1,"2":1,"3":1,"4":0,"5":1},"f":{"0":0},"b":{},"_coverageSchema":"1a1c01bbd47fc00a2c39e90264f33305004495a9","hash":"95f02e0cf39e994c452f0f8818655abe629e30ff"}
}
